Using pre-set license
Built from '2021.3/staging' branch; Version is '2021.3.18f1 (3129e69bc0c7) revision 3221990'; Using compiler version '192829333'; Build Type 'Release'
OS: 'Windows 11  (10.0.22621) 64bit CoreSingleLanguage' Language: 'en' Physical Memory: 6005 MB
BatchMode: 1, IsHumanControllingUs: 0, StartBugReporterOnCrash: 0, Is64bit: 1, IsPro: 1

COMMAND LINE ARGUMENTS:
D:\2021.3.18f1\Editor\Unity.exe
-adb2
-batchMode
-noUpm
-name
AssetImportWorker2
-projectPath
C:/Users/harsh/Desktop/Sushikshya-MLH
-logFile
Logs/AssetImportWorker2.log
-srvPort
61515
Successfully changed project path to: C:/Users/harsh/Desktop/Sushikshya-MLH
C:/Users/harsh/Desktop/Sushikshya-MLH
[UnityMemory] Configuration Parameters - Can be set up in boot.config
    "memorysetup-bucket-allocator-granularity=16"
    "memorysetup-bucket-allocator-bucket-count=8"
    "memorysetup-bucket-allocator-block-size=33554432"
    "memorysetup-bucket-allocator-block-count=8"
    "memorysetup-main-allocator-block-size=16777216"
    "memorysetup-thread-allocator-block-size=16777216"
    "memorysetup-gfx-main-allocator-block-size=16777216"
    "memorysetup-gfx-thread-allocator-block-size=16777216"
    "memorysetup-cache-allocator-block-size=4194304"
    "memorysetup-typetree-allocator-block-size=2097152"
    "memorysetup-profiler-bucket-allocator-granularity=16"
    "memorysetup-profiler-bucket-allocator-bucket-count=8"
    "memorysetup-profiler-bucket-allocator-block-size=33554432"
    "memorysetup-profiler-bucket-allocator-block-count=8"
    "memorysetup-profiler-allocator-block-size=16777216"
    "memorysetup-profiler-editor-allocator-block-size=1048576"
    "memorysetup-temp-allocator-size-main=16777216"
    "memorysetup-job-temp-allocator-block-size=2097152"
    "memorysetup-job-temp-allocator-block-size-background=1048576"
    "memorysetup-job-temp-allocator-reduction-small-platforms=262144"
    "memorysetup-temp-allocator-size-background-worker=32768"
    "memorysetup-temp-allocator-size-job-worker=262144"
    "memorysetup-temp-allocator-size-preload-manager=33554432"
    "memorysetup-temp-allocator-size-nav-mesh-worker=65536"
    "memorysetup-temp-allocator-size-audio-worker=65536"
    "memorysetup-temp-allocator-size-cloud-worker=32768"
    "memorysetup-temp-allocator-size-gi-baking-worker=262144"
    "memorysetup-temp-allocator-size-gfx=262144"
Player connection [19472] Host "[IP] 192.168.187.126 [Port] 0 [Flags] 2 [Guid] 3595614409 [EditorId] 3595614409 [Version] 1048832 [Id] WindowsEditor(7,Harsh) [Debug] 1 [PackageName] WindowsEditor [ProjectName] Editor" joined multi-casting on [225.0.0.222:54997]...

Player connection [19472] Host "[IP] 192.168.187.126 [Port] 0 [Flags] 2 [Guid] 3595614409 [EditorId] 3595614409 [Version] 1048832 [Id] WindowsEditor(7,Harsh) [Debug] 1 [PackageName] WindowsEditor [ProjectName] Editor" joined alternative multi-casting on [225.0.0.222:34997]...

Refreshing native plugins compatible for Editor in 141.74 ms, found 5 plugins.
Preloading 1 native plugins for Editor in 8.34 ms.
Initialize engine version: 2021.3.18f1 (3129e69bc0c7)
[Subsystems] Discovering subsystems at path D:/2021.3.18f1/Editor/Data/Resources/UnitySubsystems
[Subsystems] Discovering subsystems at path C:/Users/harsh/Desktop/Sushikshya-MLH/Assets
GfxDevice: creating device client; threaded=0; jobified=0
Direct3D:
    Version:  Direct3D 11.0 [level 11.1]
    Renderer: AMD Radeon(TM) Graphics (ID=0x164c)
    Vendor:   ATI
    VRAM:     3002 MB
    Driver:   31.0.12044.56000
Shader 'PointClouds/PointSplat': fallback shader 'PointClouds/PointSplatLegacy' not found
Initialize mono
Mono path[0] = 'D:/2021.3.18f1/Editor/Data/Managed'
Mono path[1] = 'D:/2021.3.18f1/Editor/Data/MonoBleedingEdge/lib/mono/unityjit-win32'
Mono config path = 'D:/2021.3.18f1/Editor/Data/MonoBleedingEdge/etc'
Using monoOptions --debugger-agent=transport=dt_socket,embedding=1,server=y,suspend=n,address=127.0.0.1:56264
Begin MonoManager ReloadAssembly
Registering precompiled unity dll's ...
Register platform support module: D:/2021.3.18f1/Editor/Data/PlaybackEngines/WebGLSupport/UnityEditor.WebGL.Extensions.dll
Register platform support module: D:/2021.3.18f1/Editor/Data/PlaybackEngines/AndroidPlayer/UnityEditor.Android.Extensions.dll
Register platform support module: D:/2021.3.18f1/Editor/Data/PlaybackEngines/WindowsStandaloneSupport/UnityEditor.WindowsStandalone.Extensions.dll
Registered in 0.002980 seconds.
Native extension for WindowsStandalone target not found
Native extension for Android target not found
Android Extension - Scanning For ADB Devices 565 ms
Native extension for WebGL target not found
Refreshing native plugins compatible for Editor in 156.38 ms, found 5 plugins.
Preloading 1 native plugins for Editor in 0.13 ms.
Mono: successfully reloaded assembly
- Completed reload, in  1.716 seconds
Domain Reload Profiling:
	ReloadAssembly (1717ms)
		BeginReloadAssembly (95ms)
			ExecutionOrderSort (0ms)
			DisableScriptedObjects (0ms)
			BackupInstance (0ms)
			ReleaseScriptingObjects (0ms)
			CreateAndSetChildDomain (1ms)
		EndReloadAssembly (1460ms)
			LoadAssemblies (95ms)
			RebuildTransferFunctionScriptingTraits (0ms)
			SetupTypeCache (207ms)
			ReleaseScriptCaches (0ms)
			RebuildScriptCaches (56ms)
			SetupLoadedEditorAssemblies (1110ms)
				LogAssemblyErrors (0ms)
				InitializePlatformSupportModulesInManaged (690ms)
				SetLoadedEditorAssemblies (0ms)
				RefreshPlugins (157ms)
				BeforeProcessingInitializeOnLoad (2ms)
				ProcessInitializeOnLoadAttributes (157ms)
				ProcessInitializeOnLoadMethodAttributes (105ms)
				AfterProcessingInitializeOnLoad (0ms)
				EditorAssembliesLoaded (0ms)
			ExecutionOrderSort2 (0ms)
			AwakeInstancesAfterBackupRestoration (0ms)
Platform modules already initialized, skipping
Registering precompiled user dll's ...
Registered in 0.010820 seconds.
Begin MonoManager ReloadAssembly
Symbol file LoadedFromMemory doesn't match image C:\Users\harsh\Desktop\Sushikshya-MLH\Library\PackageCache\com.unity.visualscripting@1.8.0\Editor\VisualScripting.Core\Dependencies\DotNetZip\Unity.VisualScripting.IonicZip.dll
Symbol file LoadedFromMemory doesn't match image C:\Users\harsh\Desktop\Sushikshya-MLH\Library\PackageCache\com.unity.visualscripting@1.8.0\Editor\VisualScripting.Core\Dependencies\YamlDotNet\Unity.VisualScripting.YamlDotNet.dll
Native extension for WindowsStandalone target not found
Native extension for Android target not found
Native extension for WebGL target not found
Refreshing native plugins compatible for Editor in 1.41 ms, found 5 plugins.
Preloading 1 native plugins for Editor in 0.15 ms.
Package Manager log level set to [2]
[Package Manager] Server::EnsureServerProcessIsRunning -- launch failed, reason: Unity was launched with the -noUpm command-line argument
[Package Manager] Cannot connect to Unity Package Manager local server
System.NullReferenceException: Object reference not set to an instance of an object
  at Vuforia.EditorClasses.ExtensionTypeProvider.GetVuforiaPackageAbsPath () [0x0004a] in <a490fa95b9a6409e9780d5f38d01007a>:0 
  at Vuforia.EditorClasses.ExtensionTypeProvider.IsPackageManager () [0x00000] in <a490fa95b9a6409e9780d5f38d01007a>:0 
  at Vuforia.EditorClasses.ExtensionTypeProvider.ResolvePluginType () [0x00009] in <a490fa95b9a6409e9780d5f38d01007a>:0 
  at Vuforia.EditorClasses.ExtensionTypeProvider.GetPluginType () [0x0000c] in <a490fa95b9a6409e9780d5f38d01007a>:0 
  at Vuforia.EditorClasses.VuforiaUtilities.IsVuforiaEnabledInPlayerSettings () [0x00000] in <a490fa95b9a6409e9780d5f38d01007a>:0 
  at VuforiaEnabledObserver..cctor () [0x00000] in <a490fa95b9a6409e9780d5f38d01007a>:0 
UnityEngine.StackTraceUtility:ExtractStackTrace ()
UnityEngine.DebugLogHandler:LogFormat (UnityEngine.LogType,UnityEngine.Object,string,object[])
UnityEngine.Logger:Log (UnityEngine.LogType,object)
UnityEngine.Debug:LogError (object)
UnityEditor.EditorAssemblies:ProcessInitializeOnLoadAttributes (System.Type[])

[Package Manager] Server::EnsureServerProcessIsRunning -- launch failed, reason: Unity was launched with the -noUpm command-line argument
[Package Manager] Cannot connect to Unity Package Manager local server
System.NullReferenceException: Object reference not set to an instance of an object
  at Vuforia.EditorClasses.ExtensionTypeProvider.GetVuforiaPackageAbsPath () [0x0004a] in <a490fa95b9a6409e9780d5f38d01007a>:0 
  at Vuforia.EditorClasses.ExtensionTypeProvider.IsPackageManager () [0x00000] in <a490fa95b9a6409e9780d5f38d01007a>:0 
  at Vuforia.EditorClasses.ExtensionTypeProvider.ResolvePluginType () [0x00009] in <a490fa95b9a6409e9780d5f38d01007a>:0 
  at Vuforia.EditorClasses.ExtensionTypeProvider.GetPluginType () [0x0000c] in <a490fa95b9a6409e9780d5f38d01007a>:0 
  at Vuforia.EditorClasses.VuforiaUtilities.IsVuforiaEnabledInPlayerSettings () [0x00000] in <a490fa95b9a6409e9780d5f38d01007a>:0 
  at Vuforia.EditorClasses.InitializeOnLoadVuforiaTaskRunner..cctor () [0x00015] in <a490fa95b9a6409e9780d5f38d01007a>:0 
UnityEngine.StackTraceUtility:ExtractStackTrace ()
UnityEngine.DebugLogHandler:LogFormat (UnityEngine.LogType,UnityEngine.Object,string,object[])
UnityEngine.Logger:Log (UnityEngine.LogType,object)
UnityEngine.Debug:LogError (object)
UnityEditor.EditorAssemblies:ProcessInitializeOnLoadAttributes (System.Type[])

Mono: successfully reloaded assembly
- Completed reload, in  2.277 seconds
Domain Reload Profiling:
	ReloadAssembly (2279ms)
		BeginReloadAssembly (179ms)
			ExecutionOrderSort (0ms)
			DisableScriptedObjects (11ms)
			BackupInstance (0ms)
			ReleaseScriptingObjects (0ms)
			CreateAndSetChildDomain (35ms)
		EndReloadAssembly (1904ms)
			LoadAssemblies (116ms)
			RebuildTransferFunctionScriptingTraits (0ms)
			SetupTypeCache (427ms)
			ReleaseScriptCaches (2ms)
			RebuildScriptCaches (119ms)
			SetupLoadedEditorAssemblies (1144ms)
				LogAssemblyErrors (0ms)
				InitializePlatformSupportModulesInManaged (39ms)
				SetLoadedEditorAssemblies (1ms)
				RefreshPlugins (2ms)
				BeforeProcessingInitializeOnLoad (130ms)
				ProcessInitializeOnLoadAttributes (939ms)
				ProcessInitializeOnLoadMethodAttributes (31ms)
				AfterProcessingInitializeOnLoad (2ms)
				EditorAssembliesLoaded (0ms)
			ExecutionOrderSort2 (0ms)
			AwakeInstancesAfterBackupRestoration (8ms)
Platform modules already initialized, skipping
========================================================================
Worker process is ready to serve import requests
Shader 'PointClouds/PointSplat': fallback shader 'PointClouds/PointSplatLegacy' not found
Launched and connected shader compiler UnityShaderCompiler.exe after 0.09 seconds
Refreshing native plugins compatible for Editor in 1.04 ms, found 5 plugins.
Preloading 1 native plugins for Editor in 0.12 ms.
Unloading 3250 Unused Serialized files (Serialized files now loaded: 0)
Unloading 52 unused Assets / (85.8 KB). Loaded Objects now: 3972.
Memory consumption went from 115.9 MB to 115.8 MB.
Total: 6.031700 ms (FindLiveObjects: 0.514900 ms CreateObjectMapping: 0.259700 ms MarkObjects: 5.011800 ms  DeleteObjects: 0.242300 ms)

AssetImportParameters requested are different than current active one (requested -> active):
  custom:video-decoder-ogg-theora: a1e56fd34408186e4bbccfd4996cb3dc -> 
  custom:container-muxer-webm: aa71ff27fc2769a1b78a27578f13a17b -> 
  custom:container-demuxer-webm: 4f35f7cbe854078d1ac9338744f61a02 -> 
  custom:video-encoder-webm-vp8: eb34c28f22e8b96e1ab97ce403110664 -> 
  custom:video-codec-MediaFoundation-h265: 746d11721c4dcdbdad8f713fa42b33f4 -> 
  custom:audio-encoder-webm-vorbis: bf7c407c2cedff20999df2af8eb42d56 -> 
  custom:framework-win-MediaFoundation: 216162199b28c13a410421893ffa2e32 -> 
  custom:container-demuxer-ogg: 62fdf1f143b41e24485cea50d1cbac27 -> 
  custom:video-decoder-webm-vp8: 9c59270c3fd7afecdb556c50c9e8de78 -> 
  custom:audio-decoder-ogg-vorbis: bf7c407c2cedff20999df2af8eb42d56 -> 
========================================================================
Received Import Request.
  Time since last request: 250707.354170 seconds.
  path: Assets/SolarSystemAssets/Scripts/blk.jpg
  artifactKey: Guid(70c1cfeff1596d647acb75845dafafb1) Importer(815301076,1909f56bfc062723c751e8b465ee728b)
Start importing Assets/SolarSystemAssets/Scripts/blk.jpg using Guid(70c1cfeff1596d647acb75845dafafb1) Importer(815301076,1909f56bfc062723c751e8b465ee728b)  -> (artifact id: '7b944b66c41c1136ce650bf3a54cf10c') in 0.143205 seconds 
========================================================================
Received Import Request.
  Time since last request: 2.293695 seconds.
  path: Assets/SolarSystemAssets/Materials
  artifactKey: Guid(e8841fefc55f3ba4e8d6a171fec7b582) Importer(815301076,1909f56bfc062723c751e8b465ee728b)
Start importing Assets/SolarSystemAssets/Materials using Guid(e8841fefc55f3ba4e8d6a171fec7b582) Importer(815301076,1909f56bfc062723c751e8b465ee728b)  -> (artifact id: 'a68b367d97104bc5c65f5f7e759a2675') in 0.035958 seconds 
========================================================================
Received Import Request.
  Time since last request: 0.424754 seconds.
  path: Assets/SolarSystemAssets/Materials/8k_sun.mat
  artifactKey: Guid(34038a4fe7b7eef46bdc5c13e21f88d1) Importer(815301076,1909f56bfc062723c751e8b465ee728b)
Start importing Assets/SolarSystemAssets/Materials/8k_sun.mat using Guid(34038a4fe7b7eef46bdc5c13e21f88d1) Importer(815301076,1909f56bfc062723c751e8b465ee728b)  -> (artifact id: 'ab8347e75c9d042079867af9c8938823') in 0.396563 seconds 
========================================================================
Received Import Request.
  Time since last request: 0.000046 seconds.
  path: Assets/SolarSystemAssets/Materials/sun.mat
  artifactKey: Guid(9fc1875d032c82c45ba4263697e63be2) Importer(815301076,1909f56bfc062723c751e8b465ee728b)
Start importing Assets/SolarSystemAssets/Materials/sun.mat using Guid(9fc1875d032c82c45ba4263697e63be2) Importer(815301076,1909f56bfc062723c751e8b465ee728b)  -> (artifact id: '07da46245d30e092e502869ed0500d23') in 0.047054 seconds 
========================================================================
Received Import Request.
  Time since last request: 0.000057 seconds.
  path: Assets/SolarSystemAssets/Materials/moonmap1k.mat
  artifactKey: Guid(17adcc5b465464746ab78d54631b5ae4) Importer(815301076,1909f56bfc062723c751e8b465ee728b)
Start importing Assets/SolarSystemAssets/Materials/moonmap1k.mat using Guid(17adcc5b465464746ab78d54631b5ae4) Importer(815301076,1909f56bfc062723c751e8b465ee728b)  -> (artifact id: 'a94b85687706470e6cbf3aba14e51914') in 0.048416 seconds 
========================================================================
Received Import Request.
  Time since last request: 0.000093 seconds.
  path: Assets/SolarSystemAssets/Materials/sunmap.mat
  artifactKey: Guid(d54f8817b9066ac40b01f7e87fa19c02) Importer(815301076,1909f56bfc062723c751e8b465ee728b)
Start importing Assets/SolarSystemAssets/Materials/sunmap.mat using Guid(d54f8817b9066ac40b01f7e87fa19c02) Importer(815301076,1909f56bfc062723c751e8b465ee728b)  -> (artifact id: '0c9f222d44997d5273d7a582c282837a') in 0.048628 seconds 
========================================================================
Received Import Request.
  Time since last request: 3.183100 seconds.
  path: Assets/SolarSystemAssets/Scripts/Materials
  artifactKey: Guid(230bb180dfbf3aa458bd2617f8fdb33e) Importer(815301076,1909f56bfc062723c751e8b465ee728b)
Start importing Assets/SolarSystemAssets/Scripts/Materials using Guid(230bb180dfbf3aa458bd2617f8fdb33e) Importer(815301076,1909f56bfc062723c751e8b465ee728b)  -> (artifact id: 'e18358ed2f27192c894404a57afa5f1a') in 0.007287 seconds 
========================================================================
Received Import Request.
  Time since last request: 0.615204 seconds.
  path: Assets/SolarSystemAssets/Scripts/Materials/blk.mat
  artifactKey: Guid(a69b75abde1076546a2fa2a638bc797d) Importer(815301076,1909f56bfc062723c751e8b465ee728b)
Start importing Assets/SolarSystemAssets/Scripts/Materials/blk.mat using Guid(a69b75abde1076546a2fa2a638bc797d) Importer(815301076,1909f56bfc062723c751e8b465ee728b)  -> (artifact id: 'ef92cd6a47d9a00c2bcc4853e8a4cb88') in 0.047103 seconds 
========================================================================
Received Import Request.
  Time since last request: 10.376521 seconds.
  path: Assets/Resources/VuforiaConfiguration.asset
  artifactKey: Guid(c581e2be848e0b64aad85504ae142830) Importer(815301076,1909f56bfc062723c751e8b465ee728b)
Start importing Assets/Resources/VuforiaConfiguration.asset using Guid(c581e2be848e0b64aad85504ae142830) Importer(815301076,1909f56bfc062723c751e8b465ee728b)  -> (artifact id: '84351525823ba0ad9cb0764930a496ef') in 0.028913 seconds 
========================================================================
Received Import Request.
  Time since last request: 2.172608 seconds.
  path: Assets/Editor
  artifactKey: Guid(833e12f1d550f2c4b96eb6fa3a5ea199) Importer(815301076,1909f56bfc062723c751e8b465ee728b)
Start importing Assets/Editor using Guid(833e12f1d550f2c4b96eb6fa3a5ea199) Importer(815301076,1909f56bfc062723c751e8b465ee728b)  -> (artifact id: '63610e2d16a83703482d54752c700bc2') in 0.020867 seconds 
========================================================================
Received Import Request.
  Time since last request: 1.378696 seconds.
  path: Assets/Editor/Vuforia
  artifactKey: Guid(177ade7757e127540a5cf21a4ffe4b4b) Importer(815301076,1909f56bfc062723c751e8b465ee728b)
Start importing Assets/Editor/Vuforia using Guid(177ade7757e127540a5cf21a4ffe4b4b) Importer(815301076,1909f56bfc062723c751e8b465ee728b)  -> (artifact id: '57c6c4cbf52d53943821eb8b62fa99d9') in 0.021947 seconds 
========================================================================
Received Import Request.
  Time since last request: 0.746568 seconds.
  path: Assets/Editor/Vuforia/ImageTargetTextures
  artifactKey: Guid(7d81c8a55ba94c04bb1a360d2fa387b6) Importer(815301076,1909f56bfc062723c751e8b465ee728b)
Start importing Assets/Editor/Vuforia/ImageTargetTextures using Guid(7d81c8a55ba94c04bb1a360d2fa387b6) Importer(815301076,1909f56bfc062723c751e8b465ee728b)  -> (artifact id: '9a87fc032c37c44d7eb00a36cb4d04a8') in 0.018867 seconds 
========================================================================
Received Import Request.
  Time since last request: 0.587373 seconds.
  path: Assets/Editor/Vuforia/ImageTargetTextures/Sushikshya/bookpage1_scaled.jpg
  artifactKey: Guid(da96ad38751d4c30a32e5841fad9cb97) Importer(815301076,1909f56bfc062723c751e8b465ee728b)
Start importing Assets/Editor/Vuforia/ImageTargetTextures/Sushikshya/bookpage1_scaled.jpg using Guid(da96ad38751d4c30a32e5841fad9cb97) Importer(815301076,1909f56bfc062723c751e8b465ee728b)  -> (artifact id: 'c39d65899198bbfc8a74ccac58747e26') in 0.077050 seconds 
========================================================================
Received Import Request.
  Time since last request: 0.000047 seconds.
  path: Assets/Editor/Vuforia/ImageTargetTextures/Sushikshya
  artifactKey: Guid(b622b62fafe083c4cbbc7a5a38ba79a3) Importer(815301076,1909f56bfc062723c751e8b465ee728b)
Start importing Assets/Editor/Vuforia/ImageTargetTextures/Sushikshya using Guid(b622b62fafe083c4cbbc7a5a38ba79a3) Importer(815301076,1909f56bfc062723c751e8b465ee728b)  -> (artifact id: '918414136a5d6dd74040efdc69b45da3') in 0.027362 seconds 
========================================================================
Received Prepare
Shader 'PointClouds/PointSplat': fallback shader 'PointClouds/PointSplatLegacy' not found
Refreshing native plugins compatible for Editor in 17.21 ms, found 5 plugins.
Preloading 1 native plugins for Editor in 0.21 ms.
Unloading 44 Unused Serialized files (Serialized files now loaded: 0)
Unloading 44 unused Assets / (49.5 KB). Loaded Objects now: 4016.
Memory consumption went from 55.1 MB to 55.1 MB.
Total: 5.154400 ms (FindLiveObjects: 0.509000 ms CreateObjectMapping: 0.319200 ms MarkObjects: 4.194900 ms  DeleteObjects: 0.129300 ms)

AssetImportParameters requested are different than current active one (requested -> active):
  custom:video-decoder-ogg-theora: a1e56fd34408186e4bbccfd4996cb3dc -> 
  custom:container-muxer-webm: aa71ff27fc2769a1b78a27578f13a17b -> 
  custom:container-demuxer-webm: 4f35f7cbe854078d1ac9338744f61a02 -> 
  custom:video-encoder-webm-vp8: eb34c28f22e8b96e1ab97ce403110664 -> 
  custom:video-codec-MediaFoundation-h265: 746d11721c4dcdbdad8f713fa42b33f4 -> 
  custom:audio-encoder-webm-vorbis: bf7c407c2cedff20999df2af8eb42d56 -> 
  custom:framework-win-MediaFoundation: 216162199b28c13a410421893ffa2e32 -> 
  custom:container-demuxer-ogg: 62fdf1f143b41e24485cea50d1cbac27 -> 
  custom:video-decoder-webm-vp8: 9c59270c3fd7afecdb556c50c9e8de78 -> 
  custom:audio-decoder-ogg-vorbis: bf7c407c2cedff20999df2af8eb42d56 -> 
