Using pre-set license
Built from '2021.3/staging' branch; Version is '2021.3.18f1 (3129e69bc0c7) revision 3221990'; Using compiler version '192829333'; Build Type 'Release'
OS: 'Windows 11  (10.0.22621) 64bit CoreSingleLanguage' Language: 'en' Physical Memory: 6005 MB
BatchMode: 1, IsHumanControllingUs: 0, StartBugReporterOnCrash: 0, Is64bit: 1, IsPro: 1

COMMAND LINE ARGUMENTS:
D:\2021.3.18f1\Editor\Unity.exe
-adb2
-batchMode
-noUpm
-name
AssetImportWorker0
-projectPath
C:/Users/harsh/Desktop/Sushikshya-MLH
-logFile
Logs/AssetImportWorker0.log
-srvPort
61515
Successfully changed project path to: C:/Users/harsh/Desktop/Sushikshya-MLH
C:/Users/harsh/Desktop/Sushikshya-MLH
[UnityMemory] Configuration Parameters - Can be set up in boot.config
    "memorysetup-bucket-allocator-granularity=16"
    "memorysetup-bucket-allocator-bucket-count=8"
    "memorysetup-bucket-allocator-block-size=33554432"
    "memorysetup-bucket-allocator-block-count=8"
    "memorysetup-main-allocator-block-size=16777216"
    "memorysetup-thread-allocator-block-size=16777216"
    "memorysetup-gfx-main-allocator-block-size=16777216"
    "memorysetup-gfx-thread-allocator-block-size=16777216"
    "memorysetup-cache-allocator-block-size=4194304"
    "memorysetup-typetree-allocator-block-size=2097152"
    "memorysetup-profiler-bucket-allocator-granularity=16"
    "memorysetup-profiler-bucket-allocator-bucket-count=8"
    "memorysetup-profiler-bucket-allocator-block-size=33554432"
    "memorysetup-profiler-bucket-allocator-block-count=8"
    "memorysetup-profiler-allocator-block-size=16777216"
    "memorysetup-profiler-editor-allocator-block-size=1048576"
    "memorysetup-temp-allocator-size-main=16777216"
    "memorysetup-job-temp-allocator-block-size=2097152"
    "memorysetup-job-temp-allocator-block-size-background=1048576"
    "memorysetup-job-temp-allocator-reduction-small-platforms=262144"
    "memorysetup-temp-allocator-size-background-worker=32768"
    "memorysetup-temp-allocator-size-job-worker=262144"
    "memorysetup-temp-allocator-size-preload-manager=33554432"
    "memorysetup-temp-allocator-size-nav-mesh-worker=65536"
    "memorysetup-temp-allocator-size-audio-worker=65536"
    "memorysetup-temp-allocator-size-cloud-worker=32768"
    "memorysetup-temp-allocator-size-gi-baking-worker=262144"
    "memorysetup-temp-allocator-size-gfx=262144"
Player connection [1180] Host "[IP] 192.168.187.126 [Port] 0 [Flags] 2 [Guid] 2008190663 [EditorId] 2008190663 [Version] 1048832 [Id] WindowsEditor(7,Harsh) [Debug] 1 [PackageName] WindowsEditor [ProjectName] Editor" joined multi-casting on [225.0.0.222:54997]...

Player connection [1180] Host "[IP] 192.168.187.126 [Port] 0 [Flags] 2 [Guid] 2008190663 [EditorId] 2008190663 [Version] 1048832 [Id] WindowsEditor(7,Harsh) [Debug] 1 [PackageName] WindowsEditor [ProjectName] Editor" joined alternative multi-casting on [225.0.0.222:34997]...

Refreshing native plugins compatible for Editor in 357.41 ms, found 5 plugins.
Preloading 1 native plugins for Editor in 2.90 ms.
Initialize engine version: 2021.3.18f1 (3129e69bc0c7)
[Subsystems] Discovering subsystems at path D:/2021.3.18f1/Editor/Data/Resources/UnitySubsystems
[Subsystems] Discovering subsystems at path C:/Users/harsh/Desktop/Sushikshya-MLH/Assets
GfxDevice: creating device client; threaded=0; jobified=0
Direct3D:
    Version:  Direct3D 11.0 [level 11.1]
    Renderer: AMD Radeon(TM) Graphics (ID=0x164c)
    Vendor:   ATI
    VRAM:     3002 MB
    Driver:   31.0.12044.56000
Shader 'PointClouds/PointSplat': fallback shader 'PointClouds/PointSplatLegacy' not found
Initialize mono
Mono path[0] = 'D:/2021.3.18f1/Editor/Data/Managed'
Mono path[1] = 'D:/2021.3.18f1/Editor/Data/MonoBleedingEdge/lib/mono/unityjit-win32'
Mono config path = 'D:/2021.3.18f1/Editor/Data/MonoBleedingEdge/etc'
Using monoOptions --debugger-agent=transport=dt_socket,embedding=1,server=y,suspend=n,address=127.0.0.1:56656
Begin MonoManager ReloadAssembly
Registering precompiled unity dll's ...
Register platform support module: D:/2021.3.18f1/Editor/Data/PlaybackEngines/WebGLSupport/UnityEditor.WebGL.Extensions.dll
Register platform support module: D:/2021.3.18f1/Editor/Data/PlaybackEngines/AndroidPlayer/UnityEditor.Android.Extensions.dll
Register platform support module: D:/2021.3.18f1/Editor/Data/PlaybackEngines/WindowsStandaloneSupport/UnityEditor.WindowsStandalone.Extensions.dll
Registered in 0.010772 seconds.
Native extension for WindowsStandalone target not found
Native extension for Android target not found
Android Extension - Scanning For ADB Devices 622 ms
Native extension for WebGL target not found
Refreshing native plugins compatible for Editor in 136.01 ms, found 5 plugins.
Preloading 1 native plugins for Editor in 0.10 ms.
Mono: successfully reloaded assembly
- Completed reload, in  1.837 seconds
Domain Reload Profiling:
	ReloadAssembly (1838ms)
		BeginReloadAssembly (216ms)
			ExecutionOrderSort (0ms)
			DisableScriptedObjects (0ms)
			BackupInstance (0ms)
			ReleaseScriptingObjects (0ms)
			CreateAndSetChildDomain (2ms)
		EndReloadAssembly (1413ms)
			LoadAssemblies (214ms)
			RebuildTransferFunctionScriptingTraits (0ms)
			SetupTypeCache (204ms)
			ReleaseScriptCaches (0ms)
			RebuildScriptCaches (43ms)
			SetupLoadedEditorAssemblies (1079ms)
				LogAssemblyErrors (0ms)
				InitializePlatformSupportModulesInManaged (716ms)
				SetLoadedEditorAssemblies (0ms)
				RefreshPlugins (136ms)
				BeforeProcessingInitializeOnLoad (2ms)
				ProcessInitializeOnLoadAttributes (137ms)
				ProcessInitializeOnLoadMethodAttributes (87ms)
				AfterProcessingInitializeOnLoad (0ms)
				EditorAssembliesLoaded (0ms)
			ExecutionOrderSort2 (0ms)
			AwakeInstancesAfterBackupRestoration (0ms)
Platform modules already initialized, skipping
Registering precompiled user dll's ...
Registered in 0.033274 seconds.
Begin MonoManager ReloadAssembly
Symbol file LoadedFromMemory doesn't match image C:\Users\harsh\Desktop\Sushikshya-MLH\Library\PackageCache\com.unity.visualscripting@1.8.0\Editor\VisualScripting.Core\Dependencies\YamlDotNet\Unity.VisualScripting.YamlDotNet.dll
Symbol file LoadedFromMemory doesn't match image C:\Users\harsh\Desktop\Sushikshya-MLH\Library\PackageCache\com.unity.visualscripting@1.8.0\Editor\VisualScripting.Core\Dependencies\DotNetZip\Unity.VisualScripting.IonicZip.dll
Native extension for WindowsStandalone target not found
Native extension for Android target not found
Native extension for WebGL target not found
Refreshing native plugins compatible for Editor in 0.98 ms, found 5 plugins.
Preloading 1 native plugins for Editor in 0.15 ms.
Package Manager log level set to [2]
[Package Manager] Server::EnsureServerProcessIsRunning -- launch failed, reason: Unity was launched with the -noUpm command-line argument
[Package Manager] Cannot connect to Unity Package Manager local server
System.NullReferenceException: Object reference not set to an instance of an object
  at Vuforia.EditorClasses.ExtensionTypeProvider.GetVuforiaPackageAbsPath () [0x0004a] in <a490fa95b9a6409e9780d5f38d01007a>:0 
  at Vuforia.EditorClasses.ExtensionTypeProvider.IsPackageManager () [0x00000] in <a490fa95b9a6409e9780d5f38d01007a>:0 
  at Vuforia.EditorClasses.ExtensionTypeProvider.ResolvePluginType () [0x00009] in <a490fa95b9a6409e9780d5f38d01007a>:0 
  at Vuforia.EditorClasses.ExtensionTypeProvider.GetPluginType () [0x0000c] in <a490fa95b9a6409e9780d5f38d01007a>:0 
  at Vuforia.EditorClasses.VuforiaUtilities.IsVuforiaEnabledInPlayerSettings () [0x00000] in <a490fa95b9a6409e9780d5f38d01007a>:0 
  at VuforiaEnabledObserver..cctor () [0x00000] in <a490fa95b9a6409e9780d5f38d01007a>:0 
UnityEngine.StackTraceUtility:ExtractStackTrace ()
UnityEngine.DebugLogHandler:LogFormat (UnityEngine.LogType,UnityEngine.Object,string,object[])
UnityEngine.Logger:Log (UnityEngine.LogType,object)
UnityEngine.Debug:LogError (object)
UnityEditor.EditorAssemblies:ProcessInitializeOnLoadAttributes (System.Type[])

[Package Manager] Server::EnsureServerProcessIsRunning -- launch failed, reason: Unity was launched with the -noUpm command-line argument
[Package Manager] Cannot connect to Unity Package Manager local server
System.NullReferenceException: Object reference not set to an instance of an object
  at Vuforia.EditorClasses.ExtensionTypeProvider.GetVuforiaPackageAbsPath () [0x0004a] in <a490fa95b9a6409e9780d5f38d01007a>:0 
  at Vuforia.EditorClasses.ExtensionTypeProvider.IsPackageManager () [0x00000] in <a490fa95b9a6409e9780d5f38d01007a>:0 
  at Vuforia.EditorClasses.ExtensionTypeProvider.ResolvePluginType () [0x00009] in <a490fa95b9a6409e9780d5f38d01007a>:0 
  at Vuforia.EditorClasses.ExtensionTypeProvider.GetPluginType () [0x0000c] in <a490fa95b9a6409e9780d5f38d01007a>:0 
  at Vuforia.EditorClasses.VuforiaUtilities.IsVuforiaEnabledInPlayerSettings () [0x00000] in <a490fa95b9a6409e9780d5f38d01007a>:0 
  at Vuforia.EditorClasses.InitializeOnLoadVuforiaTaskRunner..cctor () [0x00015] in <a490fa95b9a6409e9780d5f38d01007a>:0 
UnityEngine.StackTraceUtility:ExtractStackTrace ()
UnityEngine.DebugLogHandler:LogFormat (UnityEngine.LogType,UnityEngine.Object,string,object[])
UnityEngine.Logger:Log (UnityEngine.LogType,object)
UnityEngine.Debug:LogError (object)
UnityEditor.EditorAssemblies:ProcessInitializeOnLoadAttributes (System.Type[])

Mono: successfully reloaded assembly
- Completed reload, in  2.217 seconds
Domain Reload Profiling:
	ReloadAssembly (2219ms)
		BeginReloadAssembly (229ms)
			ExecutionOrderSort (0ms)
			DisableScriptedObjects (9ms)
			BackupInstance (0ms)
			ReleaseScriptingObjects (0ms)
			CreateAndSetChildDomain (33ms)
		EndReloadAssembly (1787ms)
			LoadAssemblies (230ms)
			RebuildTransferFunctionScriptingTraits (0ms)
			SetupTypeCache (390ms)
			ReleaseScriptCaches (4ms)
			RebuildScriptCaches (112ms)
			SetupLoadedEditorAssemblies (1035ms)
				LogAssemblyErrors (0ms)
				InitializePlatformSupportModulesInManaged (25ms)
				SetLoadedEditorAssemblies (1ms)
				RefreshPlugins (1ms)
				BeforeProcessingInitializeOnLoad (103ms)
				ProcessInitializeOnLoadAttributes (863ms)
				ProcessInitializeOnLoadMethodAttributes (37ms)
				AfterProcessingInitializeOnLoad (4ms)
				EditorAssembliesLoaded (0ms)
			ExecutionOrderSort2 (0ms)
			AwakeInstancesAfterBackupRestoration (9ms)
Platform modules already initialized, skipping
========================================================================
Worker process is ready to serve import requests
Shader 'PointClouds/PointSplat': fallback shader 'PointClouds/PointSplatLegacy' not found
Launched and connected shader compiler UnityShaderCompiler.exe after 0.14 seconds
Refreshing native plugins compatible for Editor in 0.94 ms, found 5 plugins.
Preloading 1 native plugins for Editor in 0.17 ms.
Unloading 2972 Unused Serialized files (Serialized files now loaded: 0)
Unloading 49 unused Assets / (57.1 KB). Loaded Objects now: 3695.
Memory consumption went from 107.8 MB to 107.7 MB.
Total: 5.424900 ms (FindLiveObjects: 0.642200 ms CreateObjectMapping: 0.345100 ms MarkObjects: 4.277800 ms  DeleteObjects: 0.157200 ms)

AssetImportParameters requested are different than current active one (requested -> active):
  custom:video-decoder-ogg-theora: a1e56fd34408186e4bbccfd4996cb3dc -> 
  custom:container-muxer-webm: aa71ff27fc2769a1b78a27578f13a17b -> 
  custom:container-demuxer-webm: 4f35f7cbe854078d1ac9338744f61a02 -> 
  custom:video-encoder-webm-vp8: eb34c28f22e8b96e1ab97ce403110664 -> 
  custom:video-codec-MediaFoundation-h265: 746d11721c4dcdbdad8f713fa42b33f4 -> 
  custom:audio-encoder-webm-vorbis: bf7c407c2cedff20999df2af8eb42d56 -> 
  custom:framework-win-MediaFoundation: 216162199b28c13a410421893ffa2e32 -> 
  custom:container-demuxer-ogg: 62fdf1f143b41e24485cea50d1cbac27 -> 
  custom:video-decoder-webm-vp8: 9c59270c3fd7afecdb556c50c9e8de78 -> 
  custom:audio-decoder-ogg-vorbis: bf7c407c2cedff20999df2af8eb42d56 -> 
========================================================================
Received Import Request.
  Time since last request: 250335.848706 seconds.
  path: Assets/Scenes
  artifactKey: Guid(ea04d77d5071bf146ab39e8510079900) Importer(815301076,1909f56bfc062723c751e8b465ee728b)
Start importing Assets/Scenes using Guid(ea04d77d5071bf146ab39e8510079900) Importer(815301076,1909f56bfc062723c751e8b465ee728b)  -> (artifact id: '765e5965fbf182e5ccc09d32680ff1bf') in 0.029716 seconds 
========================================================================
Received Prepare
Shader 'PointClouds/PointSplat': fallback shader 'PointClouds/PointSplatLegacy' not found
Refreshing native plugins compatible for Editor in 11.97 ms, found 5 plugins.
Preloading 1 native plugins for Editor in 0.09 ms.
Unloading 42 Unused Serialized files (Serialized files now loaded: 0)
Unloading 42 unused Assets / (31.2 KB). Loaded Objects now: 3695.
Memory consumption went from 47.4 MB to 47.3 MB.
Total: 3.521200 ms (FindLiveObjects: 0.357700 ms CreateObjectMapping: 0.128400 ms MarkObjects: 2.991100 ms  DeleteObjects: 0.042200 ms)

AssetImportParameters requested are different than current active one (requested -> active):
  custom:video-decoder-ogg-theora: a1e56fd34408186e4bbccfd4996cb3dc -> 
  custom:container-muxer-webm: aa71ff27fc2769a1b78a27578f13a17b -> 
  custom:container-demuxer-webm: 4f35f7cbe854078d1ac9338744f61a02 -> 
  custom:video-encoder-webm-vp8: eb34c28f22e8b96e1ab97ce403110664 -> 
  custom:video-codec-MediaFoundation-h265: 746d11721c4dcdbdad8f713fa42b33f4 -> 
  custom:audio-encoder-webm-vorbis: bf7c407c2cedff20999df2af8eb42d56 -> 
  custom:framework-win-MediaFoundation: 216162199b28c13a410421893ffa2e32 -> 
  custom:container-demuxer-ogg: 62fdf1f143b41e24485cea50d1cbac27 -> 
  custom:video-decoder-webm-vp8: 9c59270c3fd7afecdb556c50c9e8de78 -> 
  custom:audio-decoder-ogg-vorbis: bf7c407c2cedff20999df2af8eb42d56 -> 
========================================================================
Received Prepare
Shader 'PointClouds/PointSplat': fallback shader 'PointClouds/PointSplatLegacy' not found
Refreshing native plugins compatible for Editor in 10.70 ms, found 5 plugins.
Preloading 1 native plugins for Editor in 0.06 ms.
Unloading 42 Unused Serialized files (Serialized files now loaded: 0)
Unloading 42 unused Assets / (31.2 KB). Loaded Objects now: 3695.
Memory consumption went from 47.4 MB to 47.3 MB.
Total: 3.763000 ms (FindLiveObjects: 0.434300 ms CreateObjectMapping: 0.192500 ms MarkObjects: 3.076700 ms  DeleteObjects: 0.056600 ms)

AssetImportParameters requested are different than current active one (requested -> active):
  custom:video-decoder-ogg-theora: a1e56fd34408186e4bbccfd4996cb3dc -> 
  custom:container-muxer-webm: aa71ff27fc2769a1b78a27578f13a17b -> 
  custom:container-demuxer-webm: 4f35f7cbe854078d1ac9338744f61a02 -> 
  custom:video-encoder-webm-vp8: eb34c28f22e8b96e1ab97ce403110664 -> 
  custom:video-codec-MediaFoundation-h265: 746d11721c4dcdbdad8f713fa42b33f4 -> 
  custom:audio-encoder-webm-vorbis: bf7c407c2cedff20999df2af8eb42d56 -> 
  custom:framework-win-MediaFoundation: 216162199b28c13a410421893ffa2e32 -> 
  custom:container-demuxer-ogg: 62fdf1f143b41e24485cea50d1cbac27 -> 
  custom:video-decoder-webm-vp8: 9c59270c3fd7afecdb556c50c9e8de78 -> 
  custom:audio-decoder-ogg-vorbis: bf7c407c2cedff20999df2af8eb42d56 -> 
========================================================================
Received Prepare
Registering precompiled user dll's ...
Registered in 0.008250 seconds.
Begin MonoManager ReloadAssembly
Symbol file LoadedFromMemory doesn't match image C:\Users\harsh\Desktop\Sushikshya-MLH\Library\PackageCache\com.unity.visualscripting@1.8.0\Editor\VisualScripting.Core\Dependencies\YamlDotNet\Unity.VisualScripting.YamlDotNet.dll
Symbol file LoadedFromMemory doesn't match image C:\Users\harsh\Desktop\Sushikshya-MLH\Library\PackageCache\com.unity.visualscripting@1.8.0\Editor\VisualScripting.Core\Dependencies\DotNetZip\Unity.VisualScripting.IonicZip.dll
Native extension for WindowsStandalone target not found
Native extension for Android target not found
Native extension for WebGL target not found
Refreshing native plugins compatible for Editor in 0.89 ms, found 5 plugins.
Preloading 1 native plugins for Editor in 0.11 ms.
[Package Manager] Server::EnsureServerProcessIsRunning -- launch failed, reason: Unity was launched with the -noUpm command-line argument
[Package Manager] Cannot connect to Unity Package Manager local server
System.NullReferenceException: Object reference not set to an instance of an object
  at Vuforia.EditorClasses.ExtensionTypeProvider.GetVuforiaPackageAbsPath () [0x0004a] in <a490fa95b9a6409e9780d5f38d01007a>:0 
  at Vuforia.EditorClasses.ExtensionTypeProvider.IsPackageManager () [0x00000] in <a490fa95b9a6409e9780d5f38d01007a>:0 
  at Vuforia.EditorClasses.ExtensionTypeProvider.ResolvePluginType () [0x00009] in <a490fa95b9a6409e9780d5f38d01007a>:0 
  at Vuforia.EditorClasses.ExtensionTypeProvider.GetPluginType () [0x0000c] in <a490fa95b9a6409e9780d5f38d01007a>:0 
  at Vuforia.EditorClasses.VuforiaUtilities.IsVuforiaEnabledInPlayerSettings () [0x00000] in <a490fa95b9a6409e9780d5f38d01007a>:0 
  at VuforiaEnabledObserver..cctor () [0x00000] in <a490fa95b9a6409e9780d5f38d01007a>:0 
UnityEngine.StackTraceUtility:ExtractStackTrace ()
UnityEngine.DebugLogHandler:LogFormat (UnityEngine.LogType,UnityEngine.Object,string,object[])
UnityEngine.Logger:Log (UnityEngine.LogType,object)
UnityEngine.Debug:LogError (object)
UnityEditor.EditorAssemblies:ProcessInitializeOnLoadAttributes (System.Type[])

[Package Manager] Server::EnsureServerProcessIsRunning -- launch failed, reason: Unity was launched with the -noUpm command-line argument
[Package Manager] Cannot connect to Unity Package Manager local server
System.NullReferenceException: Object reference not set to an instance of an object
  at Vuforia.EditorClasses.ExtensionTypeProvider.GetVuforiaPackageAbsPath () [0x0004a] in <a490fa95b9a6409e9780d5f38d01007a>:0 
  at Vuforia.EditorClasses.ExtensionTypeProvider.IsPackageManager () [0x00000] in <a490fa95b9a6409e9780d5f38d01007a>:0 
  at Vuforia.EditorClasses.ExtensionTypeProvider.ResolvePluginType () [0x00009] in <a490fa95b9a6409e9780d5f38d01007a>:0 
  at Vuforia.EditorClasses.ExtensionTypeProvider.GetPluginType () [0x0000c] in <a490fa95b9a6409e9780d5f38d01007a>:0 
  at Vuforia.EditorClasses.VuforiaUtilities.IsVuforiaEnabledInPlayerSettings () [0x00000] in <a490fa95b9a6409e9780d5f38d01007a>:0 
  at Vuforia.EditorClasses.InitializeOnLoadVuforiaTaskRunner..cctor () [0x00015] in <a490fa95b9a6409e9780d5f38d01007a>:0 
UnityEngine.StackTraceUtility:ExtractStackTrace ()
UnityEngine.DebugLogHandler:LogFormat (UnityEngine.LogType,UnityEngine.Object,string,object[])
UnityEngine.Logger:Log (UnityEngine.LogType,object)
UnityEngine.Debug:LogError (object)
UnityEditor.EditorAssemblies:ProcessInitializeOnLoadAttributes (System.Type[])

Mono: successfully reloaded assembly
- Completed reload, in  1.719 seconds
Domain Reload Profiling:
	ReloadAssembly (1719ms)
		BeginReloadAssembly (215ms)
			ExecutionOrderSort (0ms)
			DisableScriptedObjects (10ms)
			BackupInstance (0ms)
			ReleaseScriptingObjects (0ms)
			CreateAndSetChildDomain (46ms)
		EndReloadAssembly (1374ms)
			LoadAssemblies (168ms)
			RebuildTransferFunctionScriptingTraits (0ms)
			SetupTypeCache (266ms)
			ReleaseScriptCaches (1ms)
			RebuildScriptCaches (46ms)
			SetupLoadedEditorAssemblies (892ms)
				LogAssemblyErrors (0ms)
				InitializePlatformSupportModulesInManaged (29ms)
				SetLoadedEditorAssemblies (0ms)
				RefreshPlugins (1ms)
				BeforeProcessingInitializeOnLoad (65ms)
				ProcessInitializeOnLoadAttributes (762ms)
				ProcessInitializeOnLoadMethodAttributes (32ms)
				AfterProcessingInitializeOnLoad (2ms)
				EditorAssembliesLoaded (0ms)
			ExecutionOrderSort2 (0ms)
			AwakeInstancesAfterBackupRestoration (8ms)
Platform modules already initialized, skipping
Shader 'PointClouds/PointSplat': fallback shader 'PointClouds/PointSplatLegacy' not found
Refreshing native plugins compatible for Editor in 7.43 ms, found 5 plugins.
Preloading 1 native plugins for Editor in 0.06 ms.
Unloading 2955 Unused Serialized files (Serialized files now loaded: 0)
Unloading 42 unused Assets / (34.0 KB). Loaded Objects now: 3698.
Memory consumption went from 106.0 MB to 106.0 MB.
Total: 4.927200 ms (FindLiveObjects: 0.421000 ms CreateObjectMapping: 0.230800 ms MarkObjects: 4.204600 ms  DeleteObjects: 0.068800 ms)

AssetImportParameters requested are different than current active one (requested -> active):
  custom:video-decoder-ogg-theora: a1e56fd34408186e4bbccfd4996cb3dc -> 
  custom:container-muxer-webm: aa71ff27fc2769a1b78a27578f13a17b -> 
  custom:container-demuxer-webm: 4f35f7cbe854078d1ac9338744f61a02 -> 
  custom:video-encoder-webm-vp8: eb34c28f22e8b96e1ab97ce403110664 -> 
  custom:video-codec-MediaFoundation-h265: 746d11721c4dcdbdad8f713fa42b33f4 -> 
  custom:audio-encoder-webm-vorbis: bf7c407c2cedff20999df2af8eb42d56 -> 
  custom:framework-win-MediaFoundation: 216162199b28c13a410421893ffa2e32 -> 
  custom:container-demuxer-ogg: 62fdf1f143b41e24485cea50d1cbac27 -> 
  custom:video-decoder-webm-vp8: 9c59270c3fd7afecdb556c50c9e8de78 -> 
  custom:audio-decoder-ogg-vorbis: bf7c407c2cedff20999df2af8eb42d56 -> 
========================================================================
Received Prepare
Registering precompiled user dll's ...
Registered in 0.011047 seconds.
Begin MonoManager ReloadAssembly
Symbol file LoadedFromMemory doesn't match image C:\Users\harsh\Desktop\Sushikshya-MLH\Library\PackageCache\com.unity.visualscripting@1.8.0\Editor\VisualScripting.Core\Dependencies\YamlDotNet\Unity.VisualScripting.YamlDotNet.dll
Symbol file LoadedFromMemory doesn't match image C:\Users\harsh\Desktop\Sushikshya-MLH\Library\PackageCache\com.unity.visualscripting@1.8.0\Editor\VisualScripting.Core\Dependencies\DotNetZip\Unity.VisualScripting.IonicZip.dll
Native extension for WindowsStandalone target not found
Native extension for Android target not found
Native extension for WebGL target not found
Refreshing native plugins compatible for Editor in 1.24 ms, found 5 plugins.
Preloading 1 native plugins for Editor in 0.14 ms.
[Package Manager] Server::EnsureServerProcessIsRunning -- launch failed, reason: Unity was launched with the -noUpm command-line argument
[Package Manager] Cannot connect to Unity Package Manager local server
System.NullReferenceException: Object reference not set to an instance of an object
  at Vuforia.EditorClasses.ExtensionTypeProvider.GetVuforiaPackageAbsPath () [0x0004a] in <a490fa95b9a6409e9780d5f38d01007a>:0 
  at Vuforia.EditorClasses.ExtensionTypeProvider.IsPackageManager () [0x00000] in <a490fa95b9a6409e9780d5f38d01007a>:0 
  at Vuforia.EditorClasses.ExtensionTypeProvider.ResolvePluginType () [0x00009] in <a490fa95b9a6409e9780d5f38d01007a>:0 
  at Vuforia.EditorClasses.ExtensionTypeProvider.GetPluginType () [0x0000c] in <a490fa95b9a6409e9780d5f38d01007a>:0 
  at Vuforia.EditorClasses.VuforiaUtilities.IsVuforiaEnabledInPlayerSettings () [0x00000] in <a490fa95b9a6409e9780d5f38d01007a>:0 
  at VuforiaEnabledObserver..cctor () [0x00000] in <a490fa95b9a6409e9780d5f38d01007a>:0 
UnityEngine.StackTraceUtility:ExtractStackTrace ()
UnityEngine.DebugLogHandler:LogFormat (UnityEngine.LogType,UnityEngine.Object,string,object[])
UnityEngine.Logger:Log (UnityEngine.LogType,object)
UnityEngine.Debug:LogError (object)
UnityEditor.EditorAssemblies:ProcessInitializeOnLoadAttributes (System.Type[])

[Package Manager] Server::EnsureServerProcessIsRunning -- launch failed, reason: Unity was launched with the -noUpm command-line argument
[Package Manager] Cannot connect to Unity Package Manager local server
System.NullReferenceException: Object reference not set to an instance of an object
  at Vuforia.EditorClasses.ExtensionTypeProvider.GetVuforiaPackageAbsPath () [0x0004a] in <a490fa95b9a6409e9780d5f38d01007a>:0 
  at Vuforia.EditorClasses.ExtensionTypeProvider.IsPackageManager () [0x00000] in <a490fa95b9a6409e9780d5f38d01007a>:0 
  at Vuforia.EditorClasses.ExtensionTypeProvider.ResolvePluginType () [0x00009] in <a490fa95b9a6409e9780d5f38d01007a>:0 
  at Vuforia.EditorClasses.ExtensionTypeProvider.GetPluginType () [0x0000c] in <a490fa95b9a6409e9780d5f38d01007a>:0 
  at Vuforia.EditorClasses.VuforiaUtilities.IsVuforiaEnabledInPlayerSettings () [0x00000] in <a490fa95b9a6409e9780d5f38d01007a>:0 
  at Vuforia.EditorClasses.InitializeOnLoadVuforiaTaskRunner..cctor () [0x00015] in <a490fa95b9a6409e9780d5f38d01007a>:0 
UnityEngine.StackTraceUtility:ExtractStackTrace ()
UnityEngine.DebugLogHandler:LogFormat (UnityEngine.LogType,UnityEngine.Object,string,object[])
UnityEngine.Logger:Log (UnityEngine.LogType,object)
UnityEngine.Debug:LogError (object)
UnityEditor.EditorAssemblies:ProcessInitializeOnLoadAttributes (System.Type[])

Mono: successfully reloaded assembly
- Completed reload, in  1.725 seconds
Domain Reload Profiling:
	ReloadAssembly (1725ms)
		BeginReloadAssembly (173ms)
			ExecutionOrderSort (0ms)
			DisableScriptedObjects (7ms)
			BackupInstance (0ms)
			ReleaseScriptingObjects (0ms)
			CreateAndSetChildDomain (48ms)
		EndReloadAssembly (1386ms)
			LoadAssemblies (125ms)
			RebuildTransferFunctionScriptingTraits (0ms)
			SetupTypeCache (320ms)
			ReleaseScriptCaches (1ms)
			RebuildScriptCaches (53ms)
			SetupLoadedEditorAssemblies (854ms)
				LogAssemblyErrors (0ms)
				InitializePlatformSupportModulesInManaged (26ms)
				SetLoadedEditorAssemblies (1ms)
				RefreshPlugins (2ms)
				BeforeProcessingInitializeOnLoad (73ms)
				ProcessInitializeOnLoadAttributes (725ms)
				ProcessInitializeOnLoadMethodAttributes (24ms)
				AfterProcessingInitializeOnLoad (2ms)
				EditorAssembliesLoaded (0ms)
			ExecutionOrderSort2 (0ms)
			AwakeInstancesAfterBackupRestoration (9ms)
Platform modules already initialized, skipping
Shader 'PointClouds/PointSplat': fallback shader 'PointClouds/PointSplatLegacy' not found
Refreshing native plugins compatible for Editor in 5.00 ms, found 5 plugins.
Preloading 1 native plugins for Editor in 0.06 ms.
Unloading 3039 Unused Serialized files (Serialized files now loaded: 0)
Unloading 43 unused Assets / (35.1 KB). Loaded Objects now: 3785.
Memory consumption went from 108.4 MB to 108.4 MB.
Total: 4.541900 ms (FindLiveObjects: 0.319100 ms CreateObjectMapping: 0.112200 ms MarkObjects: 4.052400 ms  DeleteObjects: 0.056500 ms)

AssetImportParameters requested are different than current active one (requested -> active):
  custom:video-decoder-ogg-theora: a1e56fd34408186e4bbccfd4996cb3dc -> 
  custom:container-muxer-webm: aa71ff27fc2769a1b78a27578f13a17b -> 
  custom:container-demuxer-webm: 4f35f7cbe854078d1ac9338744f61a02 -> 
  custom:video-encoder-webm-vp8: eb34c28f22e8b96e1ab97ce403110664 -> 
  custom:video-codec-MediaFoundation-h265: 746d11721c4dcdbdad8f713fa42b33f4 -> 
  custom:audio-encoder-webm-vorbis: bf7c407c2cedff20999df2af8eb42d56 -> 
  custom:framework-win-MediaFoundation: 216162199b28c13a410421893ffa2e32 -> 
  custom:container-demuxer-ogg: 62fdf1f143b41e24485cea50d1cbac27 -> 
  custom:video-decoder-webm-vp8: 9c59270c3fd7afecdb556c50c9e8de78 -> 
  custom:audio-decoder-ogg-vorbis: bf7c407c2cedff20999df2af8eb42d56 -> 
========================================================================
Received Prepare
Registering precompiled user dll's ...
Registered in 0.008510 seconds.
Begin MonoManager ReloadAssembly
Symbol file LoadedFromMemory doesn't match image C:\Users\harsh\Desktop\Sushikshya-MLH\Library\PackageCache\com.unity.visualscripting@1.8.0\Editor\VisualScripting.Core\Dependencies\YamlDotNet\Unity.VisualScripting.YamlDotNet.dll
Symbol file LoadedFromMemory doesn't match image C:\Users\harsh\Desktop\Sushikshya-MLH\Library\PackageCache\com.unity.visualscripting@1.8.0\Editor\VisualScripting.Core\Dependencies\DotNetZip\Unity.VisualScripting.IonicZip.dll
Native extension for WindowsStandalone target not found
Native extension for Android target not found
Native extension for WebGL target not found
Refreshing native plugins compatible for Editor in 0.96 ms, found 5 plugins.
Preloading 1 native plugins for Editor in 0.10 ms.
[Package Manager] Server::EnsureServerProcessIsRunning -- launch failed, reason: Unity was launched with the -noUpm command-line argument
[Package Manager] Cannot connect to Unity Package Manager local server
[Package Manager] Server::EnsureServerProcessIsRunning -- launch failed, reason: Unity was launched with the -noUpm command-line argument
[Package Manager] Cannot connect to Unity Package Manager local server
[Package Manager] Server::EnsureServerProcessIsRunning -- launch failed, reason: Unity was launched with the -noUpm command-line argument
[Package Manager] Cannot connect to Unity Package Manager local server
[Package Manager] Server::EnsureServerProcessIsRunning -- launch failed, reason: Unity was launched with the -noUpm command-line argument
[Package Manager] Cannot connect to Unity Package Manager local server
System.NullReferenceException: Object reference not set to an instance of an object
  at Vuforia.EditorClasses.ExtensionTypeProvider.GetVuforiaPackageAbsPath () [0x0004a] in <a490fa95b9a6409e9780d5f38d01007a>:0 
  at Vuforia.EditorClasses.ExtensionTypeProvider.IsPackageManager () [0x00000] in <a490fa95b9a6409e9780d5f38d01007a>:0 
  at Vuforia.EditorClasses.ExtensionTypeProvider.ResolvePluginType () [0x00009] in <a490fa95b9a6409e9780d5f38d01007a>:0 
  at Vuforia.EditorClasses.ExtensionTypeProvider.GetPluginType () [0x0000c] in <a490fa95b9a6409e9780d5f38d01007a>:0 
  at Vuforia.EditorClasses.VuforiaUtilities.IsVuforiaEnabledInPlayerSettings () [0x00000] in <a490fa95b9a6409e9780d5f38d01007a>:0 
  at VuforiaEnabledObserver..cctor () [0x00000] in <a490fa95b9a6409e9780d5f38d01007a>:0 
UnityEngine.StackTraceUtility:ExtractStackTrace ()
UnityEngine.DebugLogHandler:LogFormat (UnityEngine.LogType,UnityEngine.Object,string,object[])
UnityEngine.Logger:Log (UnityEngine.LogType,object)
UnityEngine.Debug:LogError (object)
UnityEditor.EditorAssemblies:ProcessInitializeOnLoadAttributes (System.Type[])

[Package Manager] Server::EnsureServerProcessIsRunning -- launch failed, reason: Unity was launched with the -noUpm command-line argument
[Package Manager] Cannot connect to Unity Package Manager local server
System.NullReferenceException: Object reference not set to an instance of an object
  at Vuforia.EditorClasses.ExtensionTypeProvider.GetVuforiaPackageAbsPath () [0x0004a] in <a490fa95b9a6409e9780d5f38d01007a>:0 
  at Vuforia.EditorClasses.ExtensionTypeProvider.IsPackageManager () [0x00000] in <a490fa95b9a6409e9780d5f38d01007a>:0 
  at Vuforia.EditorClasses.ExtensionTypeProvider.ResolvePluginType () [0x00009] in <a490fa95b9a6409e9780d5f38d01007a>:0 
  at Vuforia.EditorClasses.ExtensionTypeProvider.GetPluginType () [0x0000c] in <a490fa95b9a6409e9780d5f38d01007a>:0 
  at Vuforia.EditorClasses.VuforiaUtilities.IsVuforiaEnabledInPlayerSettings () [0x00000] in <a490fa95b9a6409e9780d5f38d01007a>:0 
  at Vuforia.EditorClasses.InitializeOnLoadVuforiaTaskRunner..cctor () [0x00015] in <a490fa95b9a6409e9780d5f38d01007a>:0 
UnityEngine.StackTraceUtility:ExtractStackTrace ()
UnityEngine.DebugLogHandler:LogFormat (UnityEngine.LogType,UnityEngine.Object,string,object[])
UnityEngine.Logger:Log (UnityEngine.LogType,object)
UnityEngine.Debug:LogError (object)
UnityEditor.EditorAssemblies:ProcessInitializeOnLoadAttributes (System.Type[])

Mono: successfully reloaded assembly
- Completed reload, in  1.651 seconds
Domain Reload Profiling:
	ReloadAssembly (1652ms)
		BeginReloadAssembly (140ms)
			ExecutionOrderSort (0ms)
			DisableScriptedObjects (5ms)
			BackupInstance (0ms)
			ReleaseScriptingObjects (0ms)
			CreateAndSetChildDomain (38ms)
		EndReloadAssembly (1382ms)
			LoadAssemblies (98ms)
			RebuildTransferFunctionScriptingTraits (0ms)
			SetupTypeCache (274ms)
			ReleaseScriptCaches (1ms)
			RebuildScriptCaches (59ms)
			SetupLoadedEditorAssemblies (883ms)
				LogAssemblyErrors (0ms)
				InitializePlatformSupportModulesInManaged (32ms)
				SetLoadedEditorAssemblies (0ms)
				RefreshPlugins (1ms)
				BeforeProcessingInitializeOnLoad (78ms)
				ProcessInitializeOnLoadAttributes (749ms)
				ProcessInitializeOnLoadMethodAttributes (20ms)
				AfterProcessingInitializeOnLoad (2ms)
				EditorAssembliesLoaded (0ms)
			ExecutionOrderSort2 (0ms)
			AwakeInstancesAfterBackupRestoration (7ms)
Platform modules already initialized, skipping
Shader 'PointClouds/PointSplat': fallback shader 'PointClouds/PointSplatLegacy' not found
Refreshing native plugins compatible for Editor in 5.12 ms, found 5 plugins.
Preloading 1 native plugins for Editor in 0.05 ms.
Unloading 3233 Unused Serialized files (Serialized files now loaded: 0)
Unloading 48 unused Assets / (52.4 KB). Loaded Objects now: 3978.
Memory consumption went from 114.0 MB to 114.0 MB.
Total: 3.762000 ms (FindLiveObjects: 0.408600 ms CreateObjectMapping: 0.112000 ms MarkObjects: 3.141500 ms  DeleteObjects: 0.098200 ms)

AssetImportParameters requested are different than current active one (requested -> active):
  custom:video-decoder-ogg-theora: a1e56fd34408186e4bbccfd4996cb3dc -> 
  custom:container-muxer-webm: aa71ff27fc2769a1b78a27578f13a17b -> 
  custom:container-demuxer-webm: 4f35f7cbe854078d1ac9338744f61a02 -> 
  custom:video-encoder-webm-vp8: eb34c28f22e8b96e1ab97ce403110664 -> 
  custom:video-codec-MediaFoundation-h265: 746d11721c4dcdbdad8f713fa42b33f4 -> 
  custom:audio-encoder-webm-vorbis: bf7c407c2cedff20999df2af8eb42d56 -> 
  custom:framework-win-MediaFoundation: 216162199b28c13a410421893ffa2e32 -> 
  custom:container-demuxer-ogg: 62fdf1f143b41e24485cea50d1cbac27 -> 
  custom:video-decoder-webm-vp8: 9c59270c3fd7afecdb556c50c9e8de78 -> 
  custom:audio-decoder-ogg-vorbis: bf7c407c2cedff20999df2af8eb42d56 -> 
========================================================================
Received Import Request.
  Time since last request: 327.085032 seconds.
  path: Assets/motion open heart folder
  artifactKey: Guid(2afd9e1bfc86c44d4bcd8d52fe57bbab) Importer(815301076,1909f56bfc062723c751e8b465ee728b)
Start importing Assets/motion open heart folder using Guid(2afd9e1bfc86c44d4bcd8d52fe57bbab) Importer(815301076,1909f56bfc062723c751e8b465ee728b)  -> (artifact id: '41f88f47ce4fe2eea307b151d0e2a53b') in 0.042665 seconds 
========================================================================
Received Import Request.
  Time since last request: 2.059174 seconds.
  path: Assets/motion open heart folder/scenes
  artifactKey: Guid(09d91e12295f14901a6e5a43770c939d) Importer(815301076,1909f56bfc062723c751e8b465ee728b)
Start importing Assets/motion open heart folder/scenes using Guid(09d91e12295f14901a6e5a43770c939d) Importer(815301076,1909f56bfc062723c751e8b465ee728b)  -> (artifact id: 'aab019fb694167271a2f81715cf71910') in 0.027779 seconds 
========================================================================
Received Import Request.
  Time since last request: 1.414301 seconds.
  path: Assets/motion open heart folder/scenes/scene motion Heart.unity
  artifactKey: Guid(3d397adcce48f4ec1ab40f8b7632fa74) Importer(815301076,1909f56bfc062723c751e8b465ee728b)
Start importing Assets/motion open heart folder/scenes/scene motion Heart.unity using Guid(3d397adcce48f4ec1ab40f8b7632fa74) Importer(815301076,1909f56bfc062723c751e8b465ee728b)  -> (artifact id: 'a50ba97fe97448169780dcb2d7b72070') in 0.034416 seconds 
========================================================================
Received Import Request.
  Time since last request: 20.928846 seconds.
  path: Assets/SolarSystemAssets
  artifactKey: Guid(563934848d1dfce4a8affc411d659cca) Importer(815301076,1909f56bfc062723c751e8b465ee728b)
Start importing Assets/SolarSystemAssets using Guid(563934848d1dfce4a8affc411d659cca) Importer(815301076,1909f56bfc062723c751e8b465ee728b)  -> (artifact id: '6591ceea8b75ffc501273286538f1ce7') in 0.028188 seconds 
========================================================================
Received Import Request.
  Time since last request: 5.570634 seconds.
  path: Assets/StreamingAssets
  artifactKey: Guid(e7c05370edcc60c42997bec8468c927e) Importer(815301076,1909f56bfc062723c751e8b465ee728b)
Start importing Assets/StreamingAssets using Guid(e7c05370edcc60c42997bec8468c927e) Importer(815301076,1909f56bfc062723c751e8b465ee728b)  -> (artifact id: 'f9db0f44451b028c3b084554bae0e414') in 0.027435 seconds 
========================================================================
Received Import Request.
  Time since last request: 0.747523 seconds.
  path: Assets/XR/XRGeneralSettingsPerBuildTarget.asset
  artifactKey: Guid(b2acb5356f4d6da4e8aad8a55dd33a7e) Importer(815301076,1909f56bfc062723c751e8b465ee728b)
Start importing Assets/XR/XRGeneralSettingsPerBuildTarget.asset using Guid(b2acb5356f4d6da4e8aad8a55dd33a7e) Importer(815301076,1909f56bfc062723c751e8b465ee728b)  -> (artifact id: 'c5b428cfdf9fe7e34d7cfeec297f20f8') in 0.138502 seconds 
========================================================================
Received Import Request.
  Time since last request: 4.761334 seconds.
  path: Assets/SolarSystemAssets/Sounds/burning.aif
  artifactKey: Guid(843d71c753fcf424892e575e077c8f12) Importer(815301076,1909f56bfc062723c751e8b465ee728b)
Start importing Assets/SolarSystemAssets/Sounds/burning.aif using Guid(843d71c753fcf424892e575e077c8f12) Importer(815301076,1909f56bfc062723c751e8b465ee728b)  -> (artifact id: '4f172a5b489dcf5e491b59b62c730975') in 0.350926 seconds 
========================================================================
Received Import Request.
  Time since last request: 0.000044 seconds.
  path: Assets/SolarSystemAssets/Sounds
  artifactKey: Guid(6c739e02b263cdf44a50add9c52cec7d) Importer(815301076,1909f56bfc062723c751e8b465ee728b)
Start importing Assets/SolarSystemAssets/Sounds using Guid(6c739e02b263cdf44a50add9c52cec7d) Importer(815301076,1909f56bfc062723c751e8b465ee728b)  -> (artifact id: '5aa72ec4579c78dcd91c57144f8ab065') in 0.023039 seconds 
========================================================================
Received Import Request.
  Time since last request: 0.000053 seconds.
  path: Assets/SolarSystemAssets/Sounds/dronehum.aif
  artifactKey: Guid(69ce0949a516aec4684dfe9016f2b203) Importer(815301076,1909f56bfc062723c751e8b465ee728b)
Start importing Assets/SolarSystemAssets/Sounds/dronehum.aif using Guid(69ce0949a516aec4684dfe9016f2b203) Importer(815301076,1909f56bfc062723c751e8b465ee728b)  -> (artifact id: '673aa539a431c50812ac725bd3883ec9') in 0.037633 seconds 
========================================================================
Received Import Request.
  Time since last request: 4.261734 seconds.
  path: Assets/SolarSystemAssets/Textures/earthmap1k.jpg
  artifactKey: Guid(efa6f9da17a4be1469291dc88edce28e) Importer(815301076,1909f56bfc062723c751e8b465ee728b)
Start importing Assets/SolarSystemAssets/Textures/earthmap1k.jpg using Guid(efa6f9da17a4be1469291dc88edce28e) Importer(815301076,1909f56bfc062723c751e8b465ee728b)  -> (artifact id: '0259f2501e7e34f1f20f55020e8b31c3') in 0.102532 seconds 
========================================================================
Received Import Request.
  Time since last request: 0.000044 seconds.
  path: Assets/SolarSystemAssets/Textures/space.jpg
  artifactKey: Guid(e83eafb40526d3c4ebd5fa18564d6adc) Importer(815301076,1909f56bfc062723c751e8b465ee728b)
Start importing Assets/SolarSystemAssets/Textures/space.jpg using Guid(e83eafb40526d3c4ebd5fa18564d6adc) Importer(815301076,1909f56bfc062723c751e8b465ee728b)  -> (artifact id: 'b5e272fb9f4d0d2a197cb83d9c628cf3') in 0.064472 seconds 
========================================================================
Received Import Request.
  Time since last request: 0.000045 seconds.
  path: Assets/SolarSystemAssets/Textures/mercurymap.jpg
  artifactKey: Guid(d4ff3570e320f504d99638b1d95272ba) Importer(815301076,1909f56bfc062723c751e8b465ee728b)
Start importing Assets/SolarSystemAssets/Textures/mercurymap.jpg using Guid(d4ff3570e320f504d99638b1d95272ba) Importer(815301076,1909f56bfc062723c751e8b465ee728b)  -> (artifact id: 'c452f01e52e3606aeb6d80dd2af62b43') in 0.049526 seconds 
========================================================================
Received Import Request.
  Time since last request: 0.000033 seconds.
  path: Assets/SolarSystemAssets/Textures/venusmap.jpg
  artifactKey: Guid(50afa9ffcabadb64899dd0f2ef587dd1) Importer(815301076,1909f56bfc062723c751e8b465ee728b)
Start importing Assets/SolarSystemAssets/Textures/venusmap.jpg using Guid(50afa9ffcabadb64899dd0f2ef587dd1) Importer(815301076,1909f56bfc062723c751e8b465ee728b)  -> (artifact id: '150e652e7776a1107fcd8e18e373373c') in 0.042108 seconds 
========================================================================
Received Import Request.
  Time since last request: 0.000042 seconds.
  path: Assets/SolarSystemAssets/Textures/neptunemap.jpg
  artifactKey: Guid(07923f013a4e33e488847124cf5a83e0) Importer(815301076,1909f56bfc062723c751e8b465ee728b)
Start importing Assets/SolarSystemAssets/Textures/neptunemap.jpg using Guid(07923f013a4e33e488847124cf5a83e0) Importer(815301076,1909f56bfc062723c751e8b465ee728b)  -> (artifact id: 'd3e173302a398374f90680caf5304154') in 0.044589 seconds 
========================================================================
Received Import Request.
  Time since last request: 0.000041 seconds.
  path: Assets/SolarSystemAssets/Textures/moonmap1k.jpg
  artifactKey: Guid(e90f070cfafba9c45a8e2f5a01c65f19) Importer(815301076,1909f56bfc062723c751e8b465ee728b)
Start importing Assets/SolarSystemAssets/Textures/moonmap1k.jpg using Guid(e90f070cfafba9c45a8e2f5a01c65f19) Importer(815301076,1909f56bfc062723c751e8b465ee728b)  -> (artifact id: '934c11dde3e4c056508cb33140de9141') in 0.043047 seconds 
========================================================================
Received Import Request.
  Time since last request: 0.000047 seconds.
  path: Assets/SolarSystemAssets/Textures/sunmap.jpg
  artifactKey: Guid(e7afddfd0144ca44088a91712fa19134) Importer(815301076,1909f56bfc062723c751e8b465ee728b)
Start importing Assets/SolarSystemAssets/Textures/sunmap.jpg using Guid(e7afddfd0144ca44088a91712fa19134) Importer(815301076,1909f56bfc062723c751e8b465ee728b)  -> (artifact id: '403fd1d62ebac61aceddfde6deb2339c') in 0.045729 seconds 
========================================================================
Received Import Request.
  Time since last request: 0.000051 seconds.
  path: Assets/SolarSystemAssets/Textures/uranusmap.jpg
  artifactKey: Guid(9dde3adf534a49540baeba2b43996afa) Importer(815301076,1909f56bfc062723c751e8b465ee728b)
Start importing Assets/SolarSystemAssets/Textures/uranusmap.jpg using Guid(9dde3adf534a49540baeba2b43996afa) Importer(815301076,1909f56bfc062723c751e8b465ee728b)  -> (artifact id: '09393b03d4f403f3b2a65f29ab7adc09') in 0.035614 seconds 
========================================================================
Received Import Request.
  Time since last request: 3.357894 seconds.
  path: Assets/SolarSystemAssets/Scripts
  artifactKey: Guid(aaf4d5463730e54408f5b6a763e704d0) Importer(815301076,1909f56bfc062723c751e8b465ee728b)
Start importing Assets/SolarSystemAssets/Scripts using Guid(aaf4d5463730e54408f5b6a763e704d0) Importer(815301076,1909f56bfc062723c751e8b465ee728b)  -> (artifact id: '750360c01cc22ed690f9d085ddb98c06') in 0.020323 seconds 
========================================================================
Received Import Request.
  Time since last request: 2.865456 seconds.
  path: Assets/SolarSystemAssets/Materials/earthmap1k.mat
  artifactKey: Guid(9443c2ddcb7e278488298fc698f809b8) Importer(815301076,1909f56bfc062723c751e8b465ee728b)
Start importing Assets/SolarSystemAssets/Materials/earthmap1k.mat using Guid(9443c2ddcb7e278488298fc698f809b8) Importer(815301076,1909f56bfc062723c751e8b465ee728b)  -> (artifact id: 'c22f2d6cc613c437aa28162fb96b3fde') in 0.381993 seconds 
========================================================================
Received Import Request.
  Time since last request: 0.000041 seconds.
  path: Assets/SolarSystemAssets/Materials/mercurymap.mat
  artifactKey: Guid(eb1b2915aa4c3cd4b8c61d2836aabe44) Importer(815301076,1909f56bfc062723c751e8b465ee728b)
Start importing Assets/SolarSystemAssets/Materials/mercurymap.mat using Guid(eb1b2915aa4c3cd4b8c61d2836aabe44) Importer(815301076,1909f56bfc062723c751e8b465ee728b)  -> (artifact id: '125dd5987dca47899b5edc99662df875') in 0.045081 seconds 
========================================================================
Received Import Request.
  Time since last request: 0.000062 seconds.
  path: Assets/SolarSystemAssets/Materials/Sun-icon.mat
  artifactKey: Guid(bac4d50501239df47b01c0bc0a6046c7) Importer(815301076,1909f56bfc062723c751e8b465ee728b)
Start importing Assets/SolarSystemAssets/Materials/Sun-icon.mat using Guid(bac4d50501239df47b01c0bc0a6046c7) Importer(815301076,1909f56bfc062723c751e8b465ee728b)  -> (artifact id: 'f9b71aed20e7cc4b395f542f85319de7') in 0.049348 seconds 
========================================================================
Received Import Request.
  Time since last request: 0.000041 seconds.
  path: Assets/SolarSystemAssets/Materials/venusmap.mat
  artifactKey: Guid(a7c78935fcb61b0448eccaa2ef19dcc5) Importer(815301076,1909f56bfc062723c751e8b465ee728b)
Start importing Assets/SolarSystemAssets/Materials/venusmap.mat using Guid(a7c78935fcb61b0448eccaa2ef19dcc5) Importer(815301076,1909f56bfc062723c751e8b465ee728b)  -> (artifact id: '63b540b0655142a8d8fb92a78844ce96') in 0.043321 seconds 
========================================================================
Received Import Request.
  Time since last request: 14.270544 seconds.
  path: Assets/Resources
  artifactKey: Guid(40b737cd93b0b8044a08af45c033a0bd) Importer(815301076,1909f56bfc062723c751e8b465ee728b)
Start importing Assets/Resources using Guid(40b737cd93b0b8044a08af45c033a0bd) Importer(815301076,1909f56bfc062723c751e8b465ee728b)  -> (artifact id: '103a30e9636617114023d00f0c01948a') in 0.021668 seconds 
========================================================================
Received Import Request.
  Time since last request: 5.000450 seconds.
  path: Assets/Editor/Vuforia/ImageTargetTextures/Sushikshya/bookpage2_scaled.jpg
  artifactKey: Guid(daa4dd3167d4486abd684331f75baa1b) Importer(815301076,1909f56bfc062723c751e8b465ee728b)
Start importing Assets/Editor/Vuforia/ImageTargetTextures/Sushikshya/bookpage2_scaled.jpg using Guid(daa4dd3167d4486abd684331f75baa1b) Importer(815301076,1909f56bfc062723c751e8b465ee728b)  -> (artifact id: '82adf5c5751be55f49bb36bc1e3038f8') in 0.069238 seconds 
Editor requested this worker to shutdown with reason: Scaling down because of idle timeout
AssetImportWorker is now disconnected from the server
Process exiting
Exiting without the bug reporter. Application will terminate with return code 0